<?xml version="1.0" encoding="UTF-8"?>
<testsuite xmlns:xsi="http://www.w3.org/2001/XMLSchema-instance" xsi:noNamespaceSchemaLocation="https://maven.apache.org/surefire/maven-surefire-plugin/xsd/surefire-test-report-3.0.xsd" version="3.0" name="exercice2.ProfesseurTest" time="0.039" tests="5" errors="0" skipped="0" failures="0">
  <properties>
[...]
</properties>
  <testcase name="testGettersAndSetters" classname="exercice2.ProfesseurTest" time="0.001"/>
  <testcase name="testToString" classname="exercice2.ProfesseurTest" time="0.02"/>
  <testcase name="testConstructorWithArguments" classname="exercice2.ProfesseurTest" time="0.001"/>
  <testcase name="testEquals" classname="exercice2.ProfesseurTest" time="0.004"/>
  <testcase name="testDefaultConstructor" classname="exercice2.ProfesseurTest" time="0.003"/>
</testsuite>